mobile/build/outputs/logs/manifest-merger-debug-report.txt
-- Merging decision tree log ---
manifest
ADDED from src/main/AndroidManifest.xml:1:1-31:12
	package
		ADDED from src/main/AndroidManifest.xml:2:5-36
		INJECTED from src/main/AndroidManifest.xml
		INJECTED from src/debug/AndroidManifest.xml
	android:versionName
		INJECTED from src/main/AndroidManifest.xml
		ADDED from src/main/AndroidManifest.xml:1:1-31:12
		INJECTED from src/debug/AndroidManifest.xml
	xmlns:android
		ADDED from src/main/AndroidManifest.xml:1:11-69
	android:versionCode
		INJECTED from src/main/AndroidManifest.xml
		ADDED from src/main/AndroidManifest.xml:1:1-31:12
		INJECTED from src/debug/AndroidManifest.xml
uses-permission#android.permission.INTERNET
ADDED from src/main/AndroidManifest.xml:4:3-64
	android:name
		ADDED from src/main/AndroidManifest.xml:4:20-62
application
ADDED from src/main/AndroidManifest.xml:6:3-29:17
MERGED from src/main/AndroidManifest.xml:6:3-29:17
MERGED from [CaptainTrainChallenge:lib:unspecified] AndroidManifest.xml:10:5-20
MERGED from [com.android.support:appcompat-v7:23.1.1] AndroidManifest.xml:22:5-20
MERGED from [com.android.support:support-v4:23.1.1] AndroidManifest.xml:22:5-20
MERGED from [com.android.support:support-v4:23.1.1] AndroidManifest.xml:22:5-20
MERGED from [com.jakewharton.timber:timber:4.1.0] AndroidManifest.xml:8:5-20
	android:label
		ADDED from src/main/AndroidManifest.xml:9:7-39
	android:supportsRtl
		ADDED from src/main/AndroidManifest.xml:11:7-33
	android:allowBackup
		ADDED from src/main/AndroidManifest.xml:8:7-33
	android:icon
		ADDED from src/main/AndroidManifest.xml:10:7-41
	android:theme
		ADDED from src/main/AndroidManifest.xml:12:7-38
	android:name
		ADDED from src/main/AndroidManifest.xml:7:7-34
		REJECTED from src/main/AndroidManifest.xml:7:7-34
activity#com.mounacheikhna.ctc.MainActivity
ADDED from src/main/AndroidManifest.xml:14:5-24:16
	android:label
		ADDED from src/main/AndroidManifest.xml:16:9-41
	android:name
		ADDED from src/main/AndroidManifest.xml:15:9-37
intent-filter#android.intent.action.MAIN+android.intent.category.DEFAULT+android.intent.category.LAUNCHER
ADDED from src/main/AndroidManifest.xml:19:7-23:23
action#android.intent.action.MAIN
ADDED from src/main/AndroidManifest.xml:20:9-60
	android:name
		ADDED from src/main/AndroidManifest.xml:20:17-58
category#android.intent.category.LAUNCHER
ADDED from src/main/AndroidManifest.xml:21:9-68
	android:name
		ADDED from src/main/AndroidManifest.xml:21:19-66
category#android.intent.category.DEFAULT
ADDED from src/main/AndroidManifest.xml:22:9-67
	android:name
		ADDED from src/main/AndroidManifest.xml:22:19-65
activity#com.mounacheikhna.ctc.ResourceActivity
ADDED from src/main/AndroidManifest.xml:26:5-27:59
	android:theme
		ADDED from src/main/AndroidManifest.xml:27:9-57
	android:name
		ADDED from src/main/AndroidManifest.xml:26:15-47
uses-sdk
INJECTED from src/main/AndroidManifest.xml reason: use-sdk injection requested
MERGED from [CaptainTrainChallenge:lib:unspecified] AndroidManifest.xml:6:5-8:41
MERGED from [io.reactivex:rxandroid:1.0.1] AndroidManifest.xml:19:5-43
MERGED from [com.android.support:appcompat-v7:23.1.1] AndroidManifest.xml:20:5-43
MERGED from [com.android.support:support-v4:23.1.1] AndroidManifest.xml:20:5-43
MERGED from [com.android.support:recyclerview-v7:23.1.1] AndroidManifest.xml:20:5-43
MERGED from [com.android.support:support-v4:23.1.1] AndroidManifest.xml:20:5-43
MERGED from [com.jakewharton.timber:timber:4.1.0] AndroidManifest.xml:6:5-44
	android:targetSdkVersion
		INJECTED from src/main/AndroidManifest.xml
		INJECTED from src/debug/AndroidManifest.xml
	android:minSdkVersion
		INJECTED from src/main/AndroidManifest.xml
		INJECTED from src/debug/AndroidManifest.xml